<?xml version="1.0" encoding="UTF-8"?>
<!-- Generated by org.testng.reporters.JUnitReportReporter -->
<testsuite hostname="Heba" failures="0" tests="4" name="dataBaseProj.dataBaseCon" time="0.104" errors="0" timestamp="2023-11-14T20:32:35 EET" skipped="0">
  <testcase classname="dataBaseProj.dataBaseCon" name="AddNewData" time="0.022"/>
  <testcase classname="dataBaseProj.dataBaseCon" name="UpdateCutomerNumber" time="0.011"/>
  <testcase classname="dataBaseProj.dataBaseCon" name="SelectData" time="0.065"/>
  <testcase classname="dataBaseProj.dataBaseCon" name="DeleteUser" time="0.006"/>
</testsuite> <!-- dataBaseProj.dataBaseCon -->
